{"contracts/INFTPotion.sol":{"l":{},"path":"/home/rcano/Development/thesolidchain/potion.fi/nft-minting-frontend/contracts/INFTPotion.sol","s":{},"b":{},"f":{},"fnMap":{},"statementMap":{},"branchMap":{}},"contracts/INFTPotionValidator.sol":{"l":{},"path":"/home/rcano/Development/thesolidchain/potion.fi/nft-minting-frontend/contracts/INFTPotionValidator.sol","s":{},"b":{},"f":{},"fnMap":{},"statementMap":{},"branchMap":{}},"contracts/INFTPotionWhitelist.sol":{"l":{},"path":"/home/rcano/Development/thesolidchain/potion.fi/nft-minting-frontend/contracts/INFTPotionWhitelist.sol","s":{},"b":{},"f":{},"fnMap":{},"statementMap":{},"branchMap":{}},"contracts/NFTPotionAuction.sol":{"l":{"83":779,"84":773,"88":86,"89":83,"115":69,"116":67,"117":59,"119":57,"121":57,"122":57,"123":57,"124":57,"125":57,"129":57,"131":57,"144":59,"146":59,"147":59,"148":56,"153":54,"155":54,"157":54,"158":54,"159":233,"160":233,"161":23,"164":210,"166":210,"167":18,"170":18,"175":18,"176":18,"179":210,"180":210,"181":210,"184":54,"186":54,"188":45,"190":45,"192":45,"213":658,"224":52,"226":52,"228":52,"229":6,"231":52,"243":63,"245":63,"250":57,"252":53,"268":8,"277":2,"278":0,"285":0,"289":109,"293":146,"297":1400,"298":1400,"299":1400,"303":45,"305":45,"307":45,"308":45,"309":434,"310":434,"312":434,"321":648,"323":648,"324":648,"325":648,"345":0,"359":0,"379":14,"380":10,"382":8,"383":31,"385":27,"387":27,"389":27,"399":6,"400":6,"401":6,"408":1299,"412":1929,"416":2255,"420":1404,"433":703,"435":703,"436":703,"437":154,"449":1299,"461":2198,"462":2198,"463":2198,"478":658,"480":658,"481":655,"483":651,"484":651,"485":651,"487":648,"497":651,"499":651,"501":651,"503":651,"504":651,"525":651,"529":651,"530":651,"531":520,"532":520,"537":651,"538":651,"556":703,"557":703,"558":549,"561":154,"563":154,"564":154,"565":154,"567":154,"568":154,"587":8,"589":4,"590":4,"591":4,"593":0,"595":0,"599":0,"601":0,"604":0,"606":0,"607":0,"620":57,"622":57,"623":57,"625":53,"632":708,"633":708,"634":671,"635":664,"637":37,"642":6,"643":6,"644":6,"645":6,"657":57,"659":57,"661":57,"663":57,"671":84,"673":84,"674":84,"676":84,"683":9308},"path":"/home/rcano/Development/thesolidchain/potion.fi/nft-minting-frontend/contracts/NFTPotionAuction.sol","s":{"1":779,"2":86,"3":69,"4":67,"5":59,"6":57,"7":57,"8":57,"9":57,"10":57,"11":57,"12":57,"13":57,"14":59,"15":59,"16":59,"17":56,"18":54,"19":54,"20":54,"21":54,"22":233,"23":233,"24":210,"25":210,"26":18,"27":18,"28":18,"29":18,"30":210,"31":210,"32":54,"33":54,"34":45,"35":45,"36":658,"37":52,"38":52,"39":52,"40":6,"41":52,"42":63,"43":63,"44":57,"45":53,"46":8,"47":2,"48":0,"49":0,"50":109,"51":146,"52":1400,"53":1400,"54":1400,"55":45,"56":45,"57":45,"58":45,"59":434,"60":434,"61":434,"62":648,"63":648,"64":648,"65":648,"66":0,"67":0,"68":14,"69":10,"70":8,"71":31,"72":27,"73":27,"74":27,"75":6,"76":6,"77":6,"78":1299,"79":1929,"80":2255,"81":1404,"82":703,"83":703,"84":703,"85":154,"86":1299,"87":2198,"88":2198,"89":2198,"90":658,"91":658,"92":655,"93":651,"94":651,"95":651,"96":648,"97":651,"98":651,"99":651,"100":651,"101":651,"102":651,"103":651,"104":651,"105":520,"106":520,"107":651,"108":651,"109":703,"110":703,"111":549,"112":154,"113":154,"114":154,"115":154,"116":8,"117":4,"118":4,"119":4,"120":0,"121":0,"122":0,"123":0,"124":0,"125":0,"126":0,"127":0,"128":57,"129":57,"130":57,"131":53,"132":708,"133":708,"134":671,"135":664,"136":37,"137":6,"138":6,"139":6,"140":6,"141":57,"142":57,"143":57,"144":57,"145":84,"146":84,"147":84,"148":84,"149":9308},"b":{"1":[773,6],"2":[83,3],"3":[67,2],"4":[59,8],"5":[57,2],"6":[59,0],"7":[56,3],"8":[54,2],"9":[23,210],"10":[18,192],"11":[45,9],"12":[6,46],"13":[57,6],"14":[0,2],"15":[10,4],"16":[8,2],"17":[27,4],"18":[154,549],"19":[655,3],"20":[651,4],"21":[549,154],"22":[154,0],"23":[4,4],"24":[0,4],"25":[0,0],"26":[0,0],"27":[0,0],"28":[671,37],"29":[664,7],"30":[6,0]},"f":{"1":779,"2":86,"3":156,"4":69,"5":59,"6":658,"7":52,"8":63,"9":8,"10":2,"11":0,"12":109,"13":146,"14":1400,"15":45,"16":648,"17":0,"18":0,"19":14,"20":6,"21":1299,"22":1929,"23":2255,"24":1404,"25":703,"26":1299,"27":2198,"28":658,"29":651,"30":651,"31":703,"32":8,"33":57,"34":708,"35":6,"36":57,"37":84,"38":9308},"fnMap":{"1":{"name":"checkAuctionActive","line":82,"loc":{"start":{"line":82,"column":4},"end":{"line":85,"column":4}}},"2":{"name":"checkAuctionInactive","line":87,"loc":{"start":{"line":87,"column":4},"end":{"line":90,"column":4}}},"3":{"name":"constructor","line":95,"loc":{"start":{"line":95,"column":4},"end":{"line":95,"column":19}}},"4":{"name":"startBatch","line":114,"loc":{"start":{"line":108,"column":4},"end":{"line":132,"column":4}}},"5":{"name":"endBatch","line":143,"loc":{"start":{"line":143,"column":4},"end":{"line":194,"column":4}}},"6":{"name":"setBid","line":212,"loc":{"start":{"line":208,"column":4},"end":{"line":214,"column":4}}},"7":{"name":"cancelBid","line":223,"loc":{"start":{"line":223,"column":4},"end":{"line":232,"column":4}}},"8":{"name":"purchase","line":242,"loc":{"start":{"line":242,"column":4},"end":{"line":253,"column":4}}},"9":{"name":"claim","line":267,"loc":{"start":{"line":267,"column":4},"end":{"line":269,"column":4}}},"10":{"name":"claimRefund","line":276,"loc":{"start":{"line":276,"column":4},"end":{"line":279,"column":4}}},"11":{"name":"getCurrentBatch","line":284,"loc":{"start":{"line":284,"column":4},"end":{"line":286,"column":4}}},"12":{"name":"getBatch","line":288,"loc":{"start":{"line":288,"column":4},"end":{"line":290,"column":4}}},"13":{"name":"getWhitelistRanges","line":292,"loc":{"start":{"line":292,"column":4},"end":{"line":294,"column":4}}},"14":{"name":"getLatestBid","line":296,"loc":{"start":{"line":296,"column":4},"end":{"line":300,"column":4}}},"15":{"name":"getAllBids","line":302,"loc":{"start":{"line":302,"column":4},"end":{"line":314,"column":4}}},"16":{"name":"getPreviousBid","line":316,"loc":{"start":{"line":316,"column":4},"end":{"line":326,"column":4}}},"17":{"name":"setBidOnBehalf","line":344,"loc":{"start":{"line":339,"column":4},"end":{"line":346,"column":4}}},"18":{"name":"claimOnBehalf","line":358,"loc":{"start":{"line":354,"column":4},"end":{"line":360,"column":4}}},"19":{"name":"whitelistBidders","line":378,"loc":{"start":{"line":374,"column":4},"end":{"line":391,"column":4}}},"20":{"name":"transferFunds","line":398,"loc":{"start":{"line":398,"column":4},"end":{"line":402,"column":4}}},"21":{"name":"_getBatch","line":407,"loc":{"start":{"line":407,"column":4},"end":{"line":409,"column":4}}},"22":{"name":"_getBatchState","line":411,"loc":{"start":{"line":411,"column":4},"end":{"line":413,"column":4}}},"23":{"name":"_getBatchBidders","line":415,"loc":{"start":{"line":415,"column":4},"end":{"line":417,"column":4}}},"24":{"name":"_getBatchBidByBidder","line":419,"loc":{"start":{"line":419,"column":4},"end":{"line":421,"column":4}}},"25":{"name":"_getBidInfo","line":423,"loc":{"start":{"line":423,"column":4},"end":{"line":439,"column":4}}},"26":{"name":"_encodeBid","line":444,"loc":{"start":{"line":444,"column":4},"end":{"line":450,"column":4}}},"27":{"name":"_decodeBid","line":452,"loc":{"start":{"line":452,"column":4},"end":{"line":464,"column":4}}},"28":{"name":"_setBid","line":472,"loc":{"start":{"line":472,"column":4},"end":{"line":488,"column":4}}},"29":{"name":"_addBid","line":490,"loc":{"start":{"line":490,"column":4},"end":{"line":505,"column":4}}},"30":{"name":"_insertBid","line":520,"loc":{"start":{"line":520,"column":4},"end":{"line":539,"column":4}}},"31":{"name":"_cancelBid","line":551,"loc":{"start":{"line":551,"column":4},"end":{"line":570,"column":4}}},"32":{"name":"_claim","line":582,"loc":{"start":{"line":582,"column":4},"end":{"line":609,"column":4}}},"33":{"name":"_purchase","line":614,"loc":{"start":{"line":614,"column":4},"end":{"line":626,"column":4}}},"34":{"name":"_chargeBidder","line":631,"loc":{"start":{"line":631,"column":4},"end":{"line":639,"column":4}}},"35":{"name":"_claimRefund","line":641,"loc":{"start":{"line":641,"column":4},"end":{"line":647,"column":4}}},"36":{"name":"_whitelistBidder","line":652,"loc":{"start":{"line":652,"column":4},"end":{"line":664,"column":4}}},"37":{"name":"_addWhitelist","line":666,"loc":{"start":{"line":666,"column":4},"end":{"line":677,"column":4}}},"38":{"name":"getValue","line":682,"loc":{"start":{"line":682,"column":4},"end":{"line":684,"column":4}}}},"statementMap":{"1":{"start":{"line":83,"column":8},"end":{"line":83,"column":105}},"2":{"start":{"line":88,"column":8},"end":{"line":88,"column":103}},"3":{"start":{"line":115,"column":8},"end":{"line":115,"column":74}},"4":{"start":{"line":116,"column":8},"end":{"line":116,"column":71}},"5":{"start":{"line":117,"column":8},"end":{"line":117,"column":97}},"6":{"start":{"line":119,"column":8},"end":{"line":119,"column":70}},"7":{"start":{"line":121,"column":8},"end":{"line":121,"column":45}},"8":{"start":{"line":122,"column":8},"end":{"line":122,"column":68}},"9":{"start":{"line":123,"column":8},"end":{"line":123,"column":61}},"10":{"start":{"line":124,"column":8},"end":{"line":124,"column":59}},"11":{"start":{"line":125,"column":8},"end":{"line":125,"column":49}},"12":{"start":{"line":129,"column":8},"end":{"line":129,"column":62}},"13":{"start":{"line":131,"column":8},"end":{"line":131,"column":41}},"14":{"start":{"line":144,"column":8},"end":{"line":144,"column":70}},"15":{"start":{"line":146,"column":8},"end":{"line":146,"column":75}},"16":{"start":{"line":147,"column":8},"end":{"line":147,"column":82}},"17":{"start":{"line":148,"column":8},"end":{"line":148,"column":5148}},"18":{"start":{"line":153,"column":8},"end":{"line":153,"column":84}},"19":{"start":{"line":155,"column":8},"end":{"line":155,"column":87}},"20":{"start":{"line":157,"column":8},"end":{"line":157,"column":19}},"21":{"start":{"line":158,"column":8},"end":{"line":158,"column":5535}},"22":{"start":{"line":159,"column":12},"end":{"line":159,"column":34}},"23":{"start":{"line":160,"column":12},"end":{"line":160,"column":5640}},"24":{"start":{"line":164,"column":12},"end":{"line":164,"column":94}},"25":{"start":{"line":166,"column":12},"end":{"line":166,"column":5803}},"26":{"start":{"line":167,"column":16},"end":{"line":167,"column":49}},"27":{"start":{"line":170,"column":16},"end":{"line":170,"column":69}},"28":{"start":{"line":175,"column":16},"end":{"line":175,"column":55}},"29":{"start":{"line":176,"column":16},"end":{"line":176,"column":47}},"30":{"start":{"line":179,"column":12},"end":{"line":179,"column":63}},"31":{"start":{"line":180,"column":12},"end":{"line":180,"column":46}},"32":{"start":{"line":184,"column":8},"end":{"line":184,"column":79}},"33":{"start":{"line":186,"column":8},"end":{"line":186,"column":6786}},"34":{"start":{"line":188,"column":12},"end":{"line":188,"column":54}},"35":{"start":{"line":190,"column":12},"end":{"line":190,"column":43}},"36":{"start":{"line":213,"column":8},"end":{"line":213,"column":63}},"37":{"start":{"line":224,"column":8},"end":{"line":224,"column":37}},"38":{"start":{"line":226,"column":8},"end":{"line":226,"column":47}},"39":{"start":{"line":228,"column":8},"end":{"line":228,"column":8298}},"40":{"start":{"line":229,"column":12},"end":{"line":229,"column":31}},"41":{"start":{"line":231,"column":8},"end":{"line":231,"column":46}},"42":{"start":{"line":243,"column":8},"end":{"line":243,"column":70}},"43":{"start":{"line":245,"column":8},"end":{"line":245,"column":8995}},"44":{"start":{"line":250,"column":8},"end":{"line":250,"column":89}},"45":{"start":{"line":252,"column":8},"end":{"line":252,"column":62}},"46":{"start":{"line":268,"column":8},"end":{"line":268,"column":48}},"47":{"start":{"line":277,"column":8},"end":{"line":277,"column":63}},"48":{"start":{"line":278,"column":8},"end":{"line":278,"column":33}},"49":{"start":{"line":285,"column":8},"end":{"line":285,"column":45}},"50":{"start":{"line":289,"column":8},"end":{"line":289,"column":38}},"51":{"start":{"line":293,"column":8},"end":{"line":293,"column":31}},"52":{"start":{"line":297,"column":8},"end":{"line":297,"column":66}},"53":{"start":{"line":298,"column":8},"end":{"line":298,"column":26}},"54":{"start":{"line":299,"column":8},"end":{"line":299,"column":77}},"55":{"start":{"line":303,"column":8},"end":{"line":303,"column":84}},"56":{"start":{"line":305,"column":8},"end":{"line":305,"column":41}},"57":{"start":{"line":307,"column":8},"end":{"line":307,"column":52}},"58":{"start":{"line":308,"column":8},"end":{"line":308,"column":11292}},"59":{"start":{"line":309,"column":12},"end":{"line":309,"column":86}},"60":{"start":{"line":310,"column":12},"end":{"line":310,"column":53}},"61":{"start":{"line":312,"column":12},"end":{"line":312,"column":49}},"62":{"start":{"line":321,"column":8},"end":{"line":321,"column":77}},"63":{"start":{"line":323,"column":8},"end":{"line":323,"column":54}},"64":{"start":{"line":324,"column":8},"end":{"line":324,"column":65}},"65":{"start":{"line":325,"column":8},"end":{"line":325,"column":69}},"66":{"start":{"line":345,"column":8},"end":{"line":345,"column":57}},"67":{"start":{"line":359,"column":8},"end":{"line":359,"column":42}},"68":{"start":{"line":379,"column":8},"end":{"line":379,"column":109}},"69":{"start":{"line":380,"column":8},"end":{"line":380,"column":106}},"70":{"start":{"line":382,"column":8},"end":{"line":382,"column":14165}},"71":{"start":{"line":383,"column":12},"end":{"line":383,"column":108}},"72":{"start":{"line":385,"column":12},"end":{"line":385,"column":79}},"73":{"start":{"line":387,"column":12},"end":{"line":387,"column":46}},"74":{"start":{"line":389,"column":12},"end":{"line":389,"column":45}},"75":{"start":{"line":399,"column":8},"end":{"line":399,"column":47}},"76":{"start":{"line":400,"column":8},"end":{"line":400,"column":25}},"77":{"start":{"line":401,"column":8},"end":{"line":401,"column":51}},"78":{"start":{"line":408,"column":8},"end":{"line":408,"column":31}},"79":{"start":{"line":412,"column":8},"end":{"line":412,"column":37}},"80":{"start":{"line":416,"column":8},"end":{"line":416,"column":39}},"81":{"start":{"line":420,"column":8},"end":{"line":420,"column":51}},"82":{"start":{"line":433,"column":8},"end":{"line":433,"column":77}},"83":{"start":{"line":435,"column":8},"end":{"line":435,"column":49}},"84":{"start":{"line":436,"column":8},"end":{"line":436,"column":15832}},"85":{"start":{"line":437,"column":12},"end":{"line":437,"column":62}},"86":{"start":{"line":449,"column":8},"end":{"line":449,"column":92}},"87":{"start":{"line":461,"column":8},"end":{"line":461,"column":43}},"88":{"start":{"line":462,"column":8},"end":{"line":462,"column":47}},"89":{"start":{"line":463,"column":8},"end":{"line":463,"column":43}},"90":{"start":{"line":478,"column":8},"end":{"line":478,"column":70}},"91":{"start":{"line":480,"column":8},"end":{"line":480,"column":97}},"92":{"start":{"line":481,"column":8},"end":{"line":481,"column":104}},"93":{"start":{"line":483,"column":8},"end":{"line":483,"column":47}},"94":{"start":{"line":484,"column":8},"end":{"line":484,"column":73}},"95":{"start":{"line":485,"column":8},"end":{"line":485,"column":55}},"96":{"start":{"line":487,"column":8},"end":{"line":487,"column":69}},"97":{"start":{"line":497,"column":8},"end":{"line":497,"column":56}},"98":{"start":{"line":499,"column":8},"end":{"line":499,"column":65}},"99":{"start":{"line":501,"column":8},"end":{"line":501,"column":37}},"100":{"start":{"line":503,"column":8},"end":{"line":503,"column":49}},"101":{"start":{"line":504,"column":8},"end":{"line":504,"column":33}},"102":{"start":{"line":525,"column":8},"end":{"line":525,"column":77}},"103":{"start":{"line":529,"column":8},"end":{"line":529,"column":52}},"104":{"start":{"line":530,"column":8},"end":{"line":530,"column":19278}},"105":{"start":{"line":531,"column":12},"end":{"line":531,"column":51}},"106":{"start":{"line":532,"column":12},"end":{"line":532,"column":47}},"107":{"start":{"line":537,"column":8},"end":{"line":537,"column":79}},"108":{"start":{"line":538,"column":8},"end":{"line":538,"column":38}},"109":{"start":{"line":556,"column":8},"end":{"line":556,"column":108}},"110":{"start":{"line":557,"column":8},"end":{"line":557,"column":20506}},"111":{"start":{"line":558,"column":12},"end":{"line":558,"column":18}},"112":{"start":{"line":561,"column":8},"end":{"line":561,"column":77}},"113":{"start":{"line":563,"column":8},"end":{"line":563,"column":27}},"114":{"start":{"line":567,"column":8},"end":{"line":567,"column":20760}},"115":{"start":{"line":568,"column":12},"end":{"line":568,"column":55}},"116":{"start":{"line":587,"column":8},"end":{"line":587,"column":97}},"117":{"start":{"line":589,"column":8},"end":{"line":589,"column":63}},"118":{"start":{"line":590,"column":8},"end":{"line":590,"column":59}},"119":{"start":{"line":591,"column":8},"end":{"line":591,"column":55}},"120":{"start":{"line":593,"column":8},"end":{"line":593,"column":81}},"121":{"start":{"line":595,"column":8},"end":{"line":595,"column":21987}},"122":{"start":{"line":599,"column":12},"end":{"line":599,"column":55}},"123":{"start":{"line":600,"column":15},"end":{"line":600,"column":22225}},"124":{"start":{"line":601,"column":12},"end":{"line":601,"column":84}},"125":{"start":{"line":604,"column":8},"end":{"line":604,"column":41}},"126":{"start":{"line":606,"column":8},"end":{"line":606,"column":22462}},"127":{"start":{"line":607,"column":12},"end":{"line":607,"column":31}},"128":{"start":{"line":620,"column":8},"end":{"line":620,"column":57}},"129":{"start":{"line":622,"column":8},"end":{"line":622,"column":51}},"130":{"start":{"line":623,"column":8},"end":{"line":623,"column":55}},"131":{"start":{"line":625,"column":8},"end":{"line":625,"column":50}},"132":{"start":{"line":632,"column":8},"end":{"line":632,"column":40}},"133":{"start":{"line":633,"column":8},"end":{"line":633,"column":23124}},"134":{"start":{"line":634,"column":12},"end":{"line":634,"column":83}},"135":{"start":{"line":635,"column":12},"end":{"line":635,"column":30}},"136":{"start":{"line":637,"column":12},"end":{"line":637,"column":36}},"137":{"start":{"line":642,"column":8},"end":{"line":642,"column":48}},"138":{"start":{"line":643,"column":8},"end":{"line":643,"column":23450}},"139":{"start":{"line":644,"column":12},"end":{"line":644,"column":30}},"140":{"start":{"line":645,"column":12},"end":{"line":645,"column":61}},"141":{"start":{"line":657,"column":8},"end":{"line":657,"column":63}},"142":{"start":{"line":659,"column":8},"end":{"line":659,"column":94}},"143":{"start":{"line":661,"column":8},"end":{"line":661,"column":47}},"144":{"start":{"line":663,"column":8},"end":{"line":663,"column":39}},"145":{"start":{"line":671,"column":8},"end":{"line":671,"column":42}},"146":{"start":{"line":673,"column":8},"end":{"line":673,"column":43}},"147":{"start":{"line":674,"column":8},"end":{"line":674,"column":58}},"148":{"start":{"line":676,"column":8},"end":{"line":676,"column":44}},"149":{"start":{"line":683,"column":8},"end":{"line":683,"column":23}}},"branchMap":{"1":{"line":83,"type":"if","locations":[{"start":{"line":83,"column":8},"end":{"line":83,"column":8}},{"start":{"line":83,"column":8},"end":{"line":83,"column":8}}]},"2":{"line":88,"type":"if","locations":[{"start":{"line":88,"column":8},"end":{"line":88,"column":8}},{"start":{"line":88,"column":8},"end":{"line":88,"column":8}}]},"3":{"line":115,"type":"if","locations":[{"start":{"line":115,"column":8},"end":{"line":115,"column":8}},{"start":{"line":115,"column":8},"end":{"line":115,"column":8}}]},"4":{"line":116,"type":"if","locations":[{"start":{"line":116,"column":8},"end":{"line":116,"column":8}},{"start":{"line":116,"column":8},"end":{"line":116,"column":8}}]},"5":{"line":117,"type":"if","locations":[{"start":{"line":117,"column":8},"end":{"line":117,"column":8}},{"start":{"line":117,"column":8},"end":{"line":117,"column":8}}]},"6":{"line":146,"type":"if","locations":[{"start":{"line":146,"column":8},"end":{"line":146,"column":8}},{"start":{"line":146,"column":8},"end":{"line":146,"column":8}}]},"7":{"line":147,"type":"if","locations":[{"start":{"line":147,"column":8},"end":{"line":147,"column":8}},{"start":{"line":147,"column":8},"end":{"line":147,"column":8}}]},"8":{"line":148,"type":"if","locations":[{"start":{"line":148,"column":8},"end":{"line":148,"column":8}},{"start":{"line":148,"column":8},"end":{"line":148,"column":8}}]},"9":{"line":160,"type":"if","locations":[{"start":{"line":160,"column":12},"end":{"line":160,"column":12}},{"start":{"line":160,"column":12},"end":{"line":160,"column":12}}]},"10":{"line":166,"type":"if","locations":[{"start":{"line":166,"column":12},"end":{"line":166,"column":12}},{"start":{"line":166,"column":12},"end":{"line":166,"column":12}}]},"11":{"line":186,"type":"if","locations":[{"start":{"line":186,"column":8},"end":{"line":186,"column":8}},{"start":{"line":186,"column":8},"end":{"line":186,"column":8}}]},"12":{"line":228,"type":"if","locations":[{"start":{"line":228,"column":8},"end":{"line":228,"column":8}},{"start":{"line":228,"column":8},"end":{"line":228,"column":8}}]},"13":{"line":245,"type":"if","locations":[{"start":{"line":245,"column":8},"end":{"line":245,"column":8}},{"start":{"line":245,"column":8},"end":{"line":245,"column":8}}]},"14":{"line":277,"type":"if","locations":[{"start":{"line":277,"column":8},"end":{"line":277,"column":8}},{"start":{"line":277,"column":8},"end":{"line":277,"column":8}}]},"15":{"line":379,"type":"if","locations":[{"start":{"line":379,"column":8},"end":{"line":379,"column":8}},{"start":{"line":379,"column":8},"end":{"line":379,"column":8}}]},"16":{"line":380,"type":"if","locations":[{"start":{"line":380,"column":8},"end":{"line":380,"column":8}},{"start":{"line":380,"column":8},"end":{"line":380,"column":8}}]},"17":{"line":383,"type":"if","locations":[{"start":{"line":383,"column":12},"end":{"line":383,"column":12}},{"start":{"line":383,"column":12},"end":{"line":383,"column":12}}]},"18":{"line":436,"type":"if","locations":[{"start":{"line":436,"column":8},"end":{"line":436,"column":8}},{"start":{"line":436,"column":8},"end":{"line":436,"column":8}}]},"19":{"line":480,"type":"if","locations":[{"start":{"line":480,"column":8},"end":{"line":480,"column":8}},{"start":{"line":480,"column":8},"end":{"line":480,"column":8}}]},"20":{"line":481,"type":"if","locations":[{"start":{"line":481,"column":8},"end":{"line":481,"column":8}},{"start":{"line":481,"column":8},"end":{"line":481,"column":8}}]},"21":{"line":557,"type":"if","locations":[{"start":{"line":557,"column":8},"end":{"line":557,"column":8}},{"start":{"line":557,"column":8},"end":{"line":557,"column":8}}]},"22":{"line":567,"type":"if","locations":[{"start":{"line":567,"column":8},"end":{"line":567,"column":8}},{"start":{"line":567,"column":8},"end":{"line":567,"column":8}}]},"23":{"line":587,"type":"if","locations":[{"start":{"line":587,"column":8},"end":{"line":587,"column":8}},{"start":{"line":587,"column":8},"end":{"line":587,"column":8}}]},"24":{"line":591,"type":"if","locations":[{"start":{"line":591,"column":8},"end":{"line":591,"column":8}},{"start":{"line":591,"column":8},"end":{"line":591,"column":8}}]},"25":{"line":595,"type":"if","locations":[{"start":{"line":595,"column":8},"end":{"line":595,"column":8}},{"start":{"line":595,"column":8},"end":{"line":595,"column":8}}]},"26":{"line":600,"type":"if","locations":[{"start":{"line":600,"column":15},"end":{"line":600,"column":15}},{"start":{"line":600,"column":15},"end":{"line":600,"column":15}}]},"27":{"line":606,"type":"if","locations":[{"start":{"line":606,"column":8},"end":{"line":606,"column":8}},{"start":{"line":606,"column":8},"end":{"line":606,"column":8}}]},"28":{"line":633,"type":"if","locations":[{"start":{"line":633,"column":8},"end":{"line":633,"column":8}},{"start":{"line":633,"column":8},"end":{"line":633,"column":8}}]},"29":{"line":634,"type":"if","locations":[{"start":{"line":634,"column":12},"end":{"line":634,"column":12}},{"start":{"line":634,"column":12},"end":{"line":634,"column":12}}]},"30":{"line":643,"type":"if","locations":[{"start":{"line":643,"column":8},"end":{"line":643,"column":8}},{"start":{"line":643,"column":8},"end":{"line":643,"column":8}}]}}},"contracts/RarityConfigItem.sol":{"l":{},"path":"/home/rcano/Development/thesolidchain/potion.fi/nft-minting-frontend/contracts/RarityConfigItem.sol","s":{},"b":{},"f":{},"fnMap":{},"statementMap":{},"branchMap":{}},"contracts/utils/StructuredLinkedList.sol":{"l":{"33":5440,"34":887,"35":228,"37":659,"40":4553,"50":1823,"65":3620,"66":8,"68":3612,"79":1171,"89":999,"107":648,"116":1299,"117":82,"120":1217,"121":1217,"122":7744,"124":1217,"139":651,"149":233,"150":23,"153":210,"155":210,"156":210,"158":210,"160":210,"170":154,"171":0,"174":154,"176":154,"178":154,"180":154,"189":233,"199":233,"200":233,"201":233,"218":651,"219":651,"220":651,"221":651,"223":651,"225":651,"228":0,"244":1666,"245":1666},"path":"/home/rcano/Development/thesolidchain/potion.fi/nft-minting-frontend/contracts/utils/StructuredLinkedList.sol","s":{"1":5440,"2":887,"3":228,"4":659,"5":4553,"6":1823,"7":3620,"8":8,"9":3612,"10":1171,"11":999,"12":648,"13":1299,"14":82,"15":1217,"16":1217,"17":7744,"18":1217,"19":651,"20":233,"21":23,"22":210,"23":210,"24":210,"25":154,"26":0,"27":154,"28":154,"29":154,"30":233,"31":233,"32":233,"33":233,"34":651,"35":651,"36":651,"37":651,"38":651,"39":651,"40":0,"41":1666,"42":1666},"b":{"1":[887,4553],"2":[228,659],"3":[8,3612],"4":[82,1217],"5":[23,210],"6":[0,154],"7":[651,0]},"f":{"1":5440,"2":1823,"3":3620,"4":1171,"5":999,"6":648,"7":1299,"8":651,"9":233,"10":154,"11":233,"12":233,"13":651,"14":1666},"fnMap":{"1":{"name":"nodeExists","line":32,"loc":{"start":{"line":32,"column":4},"end":{"line":42,"column":4}}},"2":{"name":"sizeOf","line":49,"loc":{"start":{"line":49,"column":4},"end":{"line":51,"column":4}}},"3":{"name":"getAdjacent","line":60,"loc":{"start":{"line":60,"column":4},"end":{"line":70,"column":4}}},"4":{"name":"getNextNode","line":78,"loc":{"start":{"line":78,"column":4},"end":{"line":80,"column":4}}},"5":{"name":"getPreviousNode","line":88,"loc":{"start":{"line":88,"column":4},"end":{"line":90,"column":4}}},"6":{"name":"getSortedSpot","line":102,"loc":{"start":{"line":102,"column":4},"end":{"line":108,"column":4}}},"7":{"name":"getSortedSpotFrom","line":110,"loc":{"start":{"line":110,"column":4},"end":{"line":125,"column":4}}},"8":{"name":"insertBefore","line":134,"loc":{"start":{"line":134,"column":4},"end":{"line":140,"column":4}}},"9":{"name":"remove","line":148,"loc":{"start":{"line":148,"column":4},"end":{"line":161,"column":4}}},"10":{"name":"unlink","line":169,"loc":{"start":{"line":169,"column":4},"end":{"line":181,"column":4}}},"11":{"name":"popBack","line":188,"loc":{"start":{"line":188,"column":4},"end":{"line":190,"column":4}}},"12":{"name":"_pop","line":198,"loc":{"start":{"line":198,"column":4},"end":{"line":202,"column":4}}},"13":{"name":"_insert","line":212,"loc":{"start":{"line":212,"column":4},"end":{"line":229,"column":4}}},"14":{"name":"_createLink","line":238,"loc":{"start":{"line":238,"column":4},"end":{"line":246,"column":4}}}},"statementMap":{"1":{"start":{"line":33,"column":8},"end":{"line":33,"column":972}},"2":{"start":{"line":34,"column":12},"end":{"line":34,"column":1064}},"3":{"start":{"line":35,"column":16},"end":{"line":35,"column":27}},"4":{"start":{"line":37,"column":16},"end":{"line":37,"column":28}},"5":{"start":{"line":40,"column":12},"end":{"line":40,"column":23}},"6":{"start":{"line":50,"column":8},"end":{"line":50,"column":24}},"7":{"start":{"line":65,"column":8},"end":{"line":65,"column":1983}},"8":{"start":{"line":66,"column":12},"end":{"line":66,"column":29}},"9":{"start":{"line":68,"column":12},"end":{"line":68,"column":55}},"10":{"start":{"line":79,"column":8},"end":{"line":79,"column":46}},"11":{"start":{"line":89,"column":8},"end":{"line":89,"column":46}},"12":{"start":{"line":107,"column":8},"end":{"line":107,"column":65}},"13":{"start":{"line":116,"column":8},"end":{"line":116,"column":3969}},"14":{"start":{"line":117,"column":12},"end":{"line":117,"column":25}},"15":{"start":{"line":120,"column":8},"end":{"line":120,"column":49}},"16":{"start":{"line":121,"column":8},"end":{"line":121,"column":4092}},"17":{"start":{"line":122,"column":12},"end":{"line":122,"column":40}},"18":{"start":{"line":124,"column":8},"end":{"line":124,"column":36}},"19":{"start":{"line":139,"column":8},"end":{"line":139,"column":48}},"20":{"start":{"line":149,"column":8},"end":{"line":149,"column":5046}},"21":{"start":{"line":150,"column":12},"end":{"line":150,"column":20}},"22":{"start":{"line":153,"column":8},"end":{"line":153,"column":81}},"23":{"start":{"line":158,"column":8},"end":{"line":158,"column":21}},"24":{"start":{"line":160,"column":8},"end":{"line":160,"column":20}},"25":{"start":{"line":170,"column":8},"end":{"line":170,"column":5711}},"26":{"start":{"line":171,"column":12},"end":{"line":171,"column":20}},"27":{"start":{"line":174,"column":8},"end":{"line":174,"column":81}},"28":{"start":{"line":178,"column":8},"end":{"line":178,"column":21}},"29":{"start":{"line":180,"column":8},"end":{"line":180,"column":20}},"30":{"start":{"line":189,"column":8},"end":{"line":189,"column":32}},"31":{"start":{"line":199,"column":8},"end":{"line":199,"column":19}},"32":{"start":{"line":200,"column":8},"end":{"line":200,"column":53}},"33":{"start":{"line":201,"column":8},"end":{"line":201,"column":32}},"34":{"start":{"line":218,"column":8},"end":{"line":218,"column":7245}},"35":{"start":{"line":219,"column":12},"end":{"line":219,"column":52}},"36":{"start":{"line":220,"column":12},"end":{"line":220,"column":53}},"37":{"start":{"line":221,"column":12},"end":{"line":221,"column":49}},"38":{"start":{"line":223,"column":12},"end":{"line":223,"column":25}},"39":{"start":{"line":225,"column":12},"end":{"line":225,"column":23}},"40":{"start":{"line":228,"column":8},"end":{"line":228,"column":20}},"41":{"start":{"line":244,"column":8},"end":{"line":244,"column":44}},"42":{"start":{"line":245,"column":8},"end":{"line":245,"column":43}}},"branchMap":{"1":{"line":33,"type":"if","locations":[{"start":{"line":33,"column":8},"end":{"line":33,"column":8}},{"start":{"line":33,"column":8},"end":{"line":33,"column":8}}]},"2":{"line":34,"type":"if","locations":[{"start":{"line":34,"column":12},"end":{"line":34,"column":12}},{"start":{"line":34,"column":12},"end":{"line":34,"column":12}}]},"3":{"line":65,"type":"if","locations":[{"start":{"line":65,"column":8},"end":{"line":65,"column":8}},{"start":{"line":65,"column":8},"end":{"line":65,"column":8}}]},"4":{"line":116,"type":"if","locations":[{"start":{"line":116,"column":8},"end":{"line":116,"column":8}},{"start":{"line":116,"column":8},"end":{"line":116,"column":8}}]},"5":{"line":149,"type":"if","locations":[{"start":{"line":149,"column":8},"end":{"line":149,"column":8}},{"start":{"line":149,"column":8},"end":{"line":149,"column":8}}]},"6":{"line":170,"type":"if","locations":[{"start":{"line":170,"column":8},"end":{"line":170,"column":8}},{"start":{"line":170,"column":8},"end":{"line":170,"column":8}}]},"7":{"line":218,"type":"if","locations":[{"start":{"line":218,"column":8},"end":{"line":218,"column":8}},{"start":{"line":218,"column":8},"end":{"line":218,"column":8}}]}}}}