{"contracts/INFTPotion.sol":{"l":{},"path":"/home/rcano/Development/thesolidchain/potion.fi/nft-minting-frontend/contracts/INFTPotion.sol","s":{},"b":{},"f":{},"fnMap":{},"statementMap":{},"branchMap":{}},"contracts/INFTPotionValidator.sol":{"l":{},"path":"/home/rcano/Development/thesolidchain/potion.fi/nft-minting-frontend/contracts/INFTPotionValidator.sol","s":{},"b":{},"f":{},"fnMap":{},"statementMap":{},"branchMap":{}},"contracts/INFTPotionWhitelist.sol":{"l":{},"path":"/home/rcano/Development/thesolidchain/potion.fi/nft-minting-frontend/contracts/INFTPotionWhitelist.sol","s":{},"b":{},"f":{},"fnMap":{},"statementMap":{},"branchMap":{}},"contracts/NFTPotionAuction.sol":{"l":{"83":110,"84":104,"88":55,"89":52,"115":42,"116":40,"117":32,"119":30,"121":30,"122":30,"123":30,"124":30,"125":30,"129":30,"131":30,"144":25,"146":25,"147":22,"152":20,"153":20,"155":20,"157":20,"158":3,"160":3,"161":3,"164":3,"169":3,"170":3,"173":3,"174":3,"175":3,"177":3,"180":20,"182":20,"184":20,"186":20,"188":20,"209":68,"220":12,"222":12,"224":12,"225":6,"227":12,"239":24,"241":24,"246":18,"248":14,"264":8,"273":2,"274":0,"281":0,"285":57,"289":28,"293":142,"294":142,"295":142,"299":20,"301":20,"303":20,"304":20,"305":22,"306":22,"308":22,"317":59,"319":59,"320":59,"321":59,"341":0,"355":0,"375":10,"376":6,"378":4,"379":8,"381":4,"383":4,"393":0,"394":0,"395":0,"402":121,"406":409,"410":272,"414":146,"427":74,"429":74,"430":74,"431":37,"443":121,"455":204,"456":204,"457":204,"472":68,"474":68,"475":65,"477":62,"478":62,"479":62,"481":59,"491":62,"493":62,"495":62,"497":62,"498":62,"519":62,"523":62,"524":62,"525":31,"526":31,"531":62,"532":62,"550":74,"551":74,"552":37,"555":37,"557":37,"558":37,"559":37,"561":37,"562":37,"581":8,"583":4,"584":4,"585":4,"587":0,"589":0,"593":0,"595":0,"598":0,"600":0,"601":0,"614":18,"616":18,"617":18,"624":80,"625":80,"626":78,"627":71,"629":2,"634":6,"635":6,"636":6,"637":6,"649":18,"651":18,"653":18,"655":18,"663":22,"665":22,"666":22,"668":22,"675":628},"path":"/home/rcano/Development/thesolidchain/potion.fi/nft-minting-frontend/contracts/NFTPotionAuction.sol","s":{"1":110,"2":55,"3":42,"4":40,"5":32,"6":30,"7":30,"8":30,"9":30,"10":30,"11":30,"12":30,"13":30,"14":25,"15":25,"16":22,"17":20,"18":20,"19":20,"20":20,"21":3,"22":3,"23":3,"24":3,"25":3,"26":3,"27":3,"28":3,"29":3,"30":20,"31":20,"32":20,"33":20,"34":68,"35":12,"36":12,"37":12,"38":6,"39":12,"40":24,"41":24,"42":18,"43":14,"44":8,"45":2,"46":0,"47":0,"48":57,"49":28,"50":142,"51":142,"52":142,"53":20,"54":20,"55":20,"56":20,"57":22,"58":22,"59":22,"60":59,"61":59,"62":59,"63":59,"64":0,"65":0,"66":10,"67":6,"68":4,"69":8,"70":4,"71":4,"72":0,"73":0,"74":0,"75":121,"76":409,"77":272,"78":146,"79":74,"80":74,"81":74,"82":37,"83":121,"84":204,"85":204,"86":204,"87":68,"88":68,"89":65,"90":62,"91":62,"92":62,"93":59,"94":62,"95":62,"96":62,"97":62,"98":62,"99":62,"100":62,"101":62,"102":31,"103":31,"104":62,"105":62,"106":74,"107":74,"108":37,"109":37,"110":37,"111":37,"112":37,"113":8,"114":4,"115":4,"116":4,"117":0,"118":0,"119":0,"120":0,"121":0,"122":0,"123":0,"124":0,"125":18,"126":18,"127":18,"128":80,"129":80,"130":78,"131":71,"132":2,"133":6,"134":6,"135":6,"136":6,"137":18,"138":18,"139":18,"140":18,"141":22,"142":22,"143":22,"144":22,"145":628},"b":{"1":[104,6],"2":[52,3],"3":[40,2],"4":[32,8],"5":[30,2],"6":[22,3],"7":[20,2],"8":[3,0],"9":[20,0],"10":[6,6],"11":[18,6],"12":[0,2],"13":[6,4],"14":[4,2],"15":[4,4],"16":[37,37],"17":[65,3],"18":[62,3],"19":[37,37],"20":[37,0],"21":[4,4],"22":[0,4],"23":[0,0],"24":[0,0],"25":[0,0],"26":[78,2],"27":[71,7],"28":[6,0]},"f":{"1":110,"2":55,"3":99,"4":42,"5":25,"6":68,"7":12,"8":24,"9":8,"10":2,"11":0,"12":57,"13":28,"14":142,"15":20,"16":59,"17":0,"18":0,"19":10,"20":0,"21":121,"22":409,"23":272,"24":146,"25":74,"26":121,"27":204,"28":68,"29":62,"30":62,"31":74,"32":8,"33":18,"34":80,"35":6,"36":18,"37":22,"38":628},"fnMap":{"1":{"name":"checkAuctionActive","line":82,"loc":{"start":{"line":82,"column":4},"end":{"line":85,"column":4}}},"2":{"name":"checkAuctionInactive","line":87,"loc":{"start":{"line":87,"column":4},"end":{"line":90,"column":4}}},"3":{"name":"constructor","line":95,"loc":{"start":{"line":95,"column":4},"end":{"line":95,"column":19}}},"4":{"name":"startBatch","line":114,"loc":{"start":{"line":108,"column":4},"end":{"line":132,"column":4}}},"5":{"name":"endBatch","line":143,"loc":{"start":{"line":143,"column":4},"end":{"line":190,"column":4}}},"6":{"name":"setBid","line":208,"loc":{"start":{"line":204,"column":4},"end":{"line":210,"column":4}}},"7":{"name":"cancelBid","line":219,"loc":{"start":{"line":219,"column":4},"end":{"line":228,"column":4}}},"8":{"name":"purchase","line":238,"loc":{"start":{"line":238,"column":4},"end":{"line":249,"column":4}}},"9":{"name":"claim","line":263,"loc":{"start":{"line":263,"column":4},"end":{"line":265,"column":4}}},"10":{"name":"claimRefund","line":272,"loc":{"start":{"line":272,"column":4},"end":{"line":275,"column":4}}},"11":{"name":"getCurrentBatch","line":280,"loc":{"start":{"line":280,"column":4},"end":{"line":282,"column":4}}},"12":{"name":"getBatch","line":284,"loc":{"start":{"line":284,"column":4},"end":{"line":286,"column":4}}},"13":{"name":"getWhitelistRanges","line":288,"loc":{"start":{"line":288,"column":4},"end":{"line":290,"column":4}}},"14":{"name":"getLatestBid","line":292,"loc":{"start":{"line":292,"column":4},"end":{"line":296,"column":4}}},"15":{"name":"getAllBids","line":298,"loc":{"start":{"line":298,"column":4},"end":{"line":310,"column":4}}},"16":{"name":"getPreviousBid","line":312,"loc":{"start":{"line":312,"column":4},"end":{"line":322,"column":4}}},"17":{"name":"setBidOnBehalf","line":340,"loc":{"start":{"line":335,"column":4},"end":{"line":342,"column":4}}},"18":{"name":"claimOnBehalf","line":354,"loc":{"start":{"line":350,"column":4},"end":{"line":356,"column":4}}},"19":{"name":"whitelistBidders","line":374,"loc":{"start":{"line":370,"column":4},"end":{"line":385,"column":4}}},"20":{"name":"transferFunds","line":392,"loc":{"start":{"line":392,"column":4},"end":{"line":396,"column":4}}},"21":{"name":"_getBatch","line":401,"loc":{"start":{"line":401,"column":4},"end":{"line":403,"column":4}}},"22":{"name":"_getBatchState","line":405,"loc":{"start":{"line":405,"column":4},"end":{"line":407,"column":4}}},"23":{"name":"_getBatchBidders","line":409,"loc":{"start":{"line":409,"column":4},"end":{"line":411,"column":4}}},"24":{"name":"_getBatchBidByBidder","line":413,"loc":{"start":{"line":413,"column":4},"end":{"line":415,"column":4}}},"25":{"name":"_getBidInfo","line":417,"loc":{"start":{"line":417,"column":4},"end":{"line":433,"column":4}}},"26":{"name":"_encodeBid","line":438,"loc":{"start":{"line":438,"column":4},"end":{"line":444,"column":4}}},"27":{"name":"_decodeBid","line":446,"loc":{"start":{"line":446,"column":4},"end":{"line":458,"column":4}}},"28":{"name":"_setBid","line":466,"loc":{"start":{"line":466,"column":4},"end":{"line":482,"column":4}}},"29":{"name":"_addBid","line":484,"loc":{"start":{"line":484,"column":4},"end":{"line":499,"column":4}}},"30":{"name":"_insertBid","line":514,"loc":{"start":{"line":514,"column":4},"end":{"line":533,"column":4}}},"31":{"name":"_cancelBid","line":545,"loc":{"start":{"line":545,"column":4},"end":{"line":564,"column":4}}},"32":{"name":"_claim","line":576,"loc":{"start":{"line":576,"column":4},"end":{"line":603,"column":4}}},"33":{"name":"_purchase","line":608,"loc":{"start":{"line":608,"column":4},"end":{"line":618,"column":4}}},"34":{"name":"_chargeBidder","line":623,"loc":{"start":{"line":623,"column":4},"end":{"line":631,"column":4}}},"35":{"name":"_claimRefund","line":633,"loc":{"start":{"line":633,"column":4},"end":{"line":639,"column":4}}},"36":{"name":"_whitelistBidder","line":644,"loc":{"start":{"line":644,"column":4},"end":{"line":656,"column":4}}},"37":{"name":"_addWhitelist","line":658,"loc":{"start":{"line":658,"column":4},"end":{"line":669,"column":4}}},"38":{"name":"getValue","line":674,"loc":{"start":{"line":674,"column":4},"end":{"line":676,"column":4}}}},"statementMap":{"1":{"start":{"line":83,"column":8},"end":{"line":83,"column":105}},"2":{"start":{"line":88,"column":8},"end":{"line":88,"column":103}},"3":{"start":{"line":115,"column":8},"end":{"line":115,"column":74}},"4":{"start":{"line":116,"column":8},"end":{"line":116,"column":71}},"5":{"start":{"line":117,"column":8},"end":{"line":117,"column":97}},"6":{"start":{"line":119,"column":8},"end":{"line":119,"column":70}},"7":{"start":{"line":121,"column":8},"end":{"line":121,"column":45}},"8":{"start":{"line":122,"column":8},"end":{"line":122,"column":68}},"9":{"start":{"line":123,"column":8},"end":{"line":123,"column":61}},"10":{"start":{"line":124,"column":8},"end":{"line":124,"column":59}},"11":{"start":{"line":125,"column":8},"end":{"line":125,"column":49}},"12":{"start":{"line":129,"column":8},"end":{"line":129,"column":62}},"13":{"start":{"line":131,"column":8},"end":{"line":131,"column":41}},"14":{"start":{"line":144,"column":8},"end":{"line":144,"column":70}},"15":{"start":{"line":146,"column":8},"end":{"line":146,"column":82}},"16":{"start":{"line":147,"column":8},"end":{"line":147,"column":5070}},"17":{"start":{"line":152,"column":8},"end":{"line":152,"column":84}},"18":{"start":{"line":153,"column":8},"end":{"line":153,"column":39}},"19":{"start":{"line":155,"column":8},"end":{"line":155,"column":87}},"20":{"start":{"line":157,"column":8},"end":{"line":157,"column":5477}},"21":{"start":{"line":158,"column":12},"end":{"line":158,"column":94}},"22":{"start":{"line":160,"column":12},"end":{"line":160,"column":5654}},"23":{"start":{"line":161,"column":16},"end":{"line":161,"column":49}},"24":{"start":{"line":164,"column":16},"end":{"line":164,"column":69}},"25":{"start":{"line":169,"column":16},"end":{"line":169,"column":55}},"26":{"start":{"line":170,"column":16},"end":{"line":170,"column":47}},"27":{"start":{"line":173,"column":12},"end":{"line":173,"column":63}},"28":{"start":{"line":174,"column":12},"end":{"line":174,"column":46}},"29":{"start":{"line":177,"column":12},"end":{"line":177,"column":38}},"30":{"start":{"line":180,"column":8},"end":{"line":180,"column":79}},"31":{"start":{"line":182,"column":8},"end":{"line":182,"column":6679}},"32":{"start":{"line":184,"column":12},"end":{"line":184,"column":54}},"33":{"start":{"line":186,"column":12},"end":{"line":186,"column":43}},"34":{"start":{"line":209,"column":8},"end":{"line":209,"column":63}},"35":{"start":{"line":220,"column":8},"end":{"line":220,"column":37}},"36":{"start":{"line":222,"column":8},"end":{"line":222,"column":47}},"37":{"start":{"line":224,"column":8},"end":{"line":224,"column":8191}},"38":{"start":{"line":225,"column":12},"end":{"line":225,"column":31}},"39":{"start":{"line":227,"column":8},"end":{"line":227,"column":46}},"40":{"start":{"line":239,"column":8},"end":{"line":239,"column":70}},"41":{"start":{"line":241,"column":8},"end":{"line":241,"column":8888}},"42":{"start":{"line":246,"column":8},"end":{"line":246,"column":89}},"43":{"start":{"line":248,"column":8},"end":{"line":248,"column":62}},"44":{"start":{"line":264,"column":8},"end":{"line":264,"column":48}},"45":{"start":{"line":273,"column":8},"end":{"line":273,"column":63}},"46":{"start":{"line":274,"column":8},"end":{"line":274,"column":33}},"47":{"start":{"line":281,"column":8},"end":{"line":281,"column":45}},"48":{"start":{"line":285,"column":8},"end":{"line":285,"column":38}},"49":{"start":{"line":289,"column":8},"end":{"line":289,"column":31}},"50":{"start":{"line":293,"column":8},"end":{"line":293,"column":66}},"51":{"start":{"line":294,"column":8},"end":{"line":294,"column":26}},"52":{"start":{"line":295,"column":8},"end":{"line":295,"column":77}},"53":{"start":{"line":299,"column":8},"end":{"line":299,"column":84}},"54":{"start":{"line":301,"column":8},"end":{"line":301,"column":41}},"55":{"start":{"line":303,"column":8},"end":{"line":303,"column":52}},"56":{"start":{"line":304,"column":8},"end":{"line":304,"column":11185}},"57":{"start":{"line":305,"column":12},"end":{"line":305,"column":86}},"58":{"start":{"line":306,"column":12},"end":{"line":306,"column":53}},"59":{"start":{"line":308,"column":12},"end":{"line":308,"column":49}},"60":{"start":{"line":317,"column":8},"end":{"line":317,"column":77}},"61":{"start":{"line":319,"column":8},"end":{"line":319,"column":54}},"62":{"start":{"line":320,"column":8},"end":{"line":320,"column":65}},"63":{"start":{"line":321,"column":8},"end":{"line":321,"column":69}},"64":{"start":{"line":341,"column":8},"end":{"line":341,"column":57}},"65":{"start":{"line":355,"column":8},"end":{"line":355,"column":42}},"66":{"start":{"line":375,"column":8},"end":{"line":375,"column":109}},"67":{"start":{"line":376,"column":8},"end":{"line":376,"column":106}},"68":{"start":{"line":378,"column":8},"end":{"line":378,"column":14058}},"69":{"start":{"line":379,"column":12},"end":{"line":379,"column":108}},"70":{"start":{"line":381,"column":12},"end":{"line":381,"column":79}},"71":{"start":{"line":383,"column":12},"end":{"line":383,"column":45}},"72":{"start":{"line":393,"column":8},"end":{"line":393,"column":47}},"73":{"start":{"line":394,"column":8},"end":{"line":394,"column":25}},"74":{"start":{"line":395,"column":8},"end":{"line":395,"column":51}},"75":{"start":{"line":402,"column":8},"end":{"line":402,"column":31}},"76":{"start":{"line":406,"column":8},"end":{"line":406,"column":37}},"77":{"start":{"line":410,"column":8},"end":{"line":410,"column":39}},"78":{"start":{"line":414,"column":8},"end":{"line":414,"column":51}},"79":{"start":{"line":427,"column":8},"end":{"line":427,"column":77}},"80":{"start":{"line":429,"column":8},"end":{"line":429,"column":49}},"81":{"start":{"line":430,"column":8},"end":{"line":430,"column":15675}},"82":{"start":{"line":431,"column":12},"end":{"line":431,"column":62}},"83":{"start":{"line":443,"column":8},"end":{"line":443,"column":92}},"84":{"start":{"line":455,"column":8},"end":{"line":455,"column":43}},"85":{"start":{"line":456,"column":8},"end":{"line":456,"column":47}},"86":{"start":{"line":457,"column":8},"end":{"line":457,"column":43}},"87":{"start":{"line":472,"column":8},"end":{"line":472,"column":70}},"88":{"start":{"line":474,"column":8},"end":{"line":474,"column":97}},"89":{"start":{"line":475,"column":8},"end":{"line":475,"column":104}},"90":{"start":{"line":477,"column":8},"end":{"line":477,"column":47}},"91":{"start":{"line":478,"column":8},"end":{"line":478,"column":73}},"92":{"start":{"line":479,"column":8},"end":{"line":479,"column":55}},"93":{"start":{"line":481,"column":8},"end":{"line":481,"column":69}},"94":{"start":{"line":491,"column":8},"end":{"line":491,"column":56}},"95":{"start":{"line":493,"column":8},"end":{"line":493,"column":65}},"96":{"start":{"line":495,"column":8},"end":{"line":495,"column":37}},"97":{"start":{"line":497,"column":8},"end":{"line":497,"column":49}},"98":{"start":{"line":498,"column":8},"end":{"line":498,"column":33}},"99":{"start":{"line":519,"column":8},"end":{"line":519,"column":77}},"100":{"start":{"line":523,"column":8},"end":{"line":523,"column":52}},"101":{"start":{"line":524,"column":8},"end":{"line":524,"column":19121}},"102":{"start":{"line":525,"column":12},"end":{"line":525,"column":51}},"103":{"start":{"line":526,"column":12},"end":{"line":526,"column":47}},"104":{"start":{"line":531,"column":8},"end":{"line":531,"column":79}},"105":{"start":{"line":532,"column":8},"end":{"line":532,"column":38}},"106":{"start":{"line":550,"column":8},"end":{"line":550,"column":108}},"107":{"start":{"line":551,"column":8},"end":{"line":551,"column":20349}},"108":{"start":{"line":552,"column":12},"end":{"line":552,"column":18}},"109":{"start":{"line":555,"column":8},"end":{"line":555,"column":77}},"110":{"start":{"line":557,"column":8},"end":{"line":557,"column":27}},"111":{"start":{"line":561,"column":8},"end":{"line":561,"column":20603}},"112":{"start":{"line":562,"column":12},"end":{"line":562,"column":55}},"113":{"start":{"line":581,"column":8},"end":{"line":581,"column":97}},"114":{"start":{"line":583,"column":8},"end":{"line":583,"column":63}},"115":{"start":{"line":584,"column":8},"end":{"line":584,"column":59}},"116":{"start":{"line":585,"column":8},"end":{"line":585,"column":55}},"117":{"start":{"line":587,"column":8},"end":{"line":587,"column":81}},"118":{"start":{"line":589,"column":8},"end":{"line":589,"column":21830}},"119":{"start":{"line":593,"column":12},"end":{"line":593,"column":55}},"120":{"start":{"line":594,"column":15},"end":{"line":594,"column":22068}},"121":{"start":{"line":595,"column":12},"end":{"line":595,"column":84}},"122":{"start":{"line":598,"column":8},"end":{"line":598,"column":41}},"123":{"start":{"line":600,"column":8},"end":{"line":600,"column":22305}},"124":{"start":{"line":601,"column":12},"end":{"line":601,"column":31}},"125":{"start":{"line":614,"column":8},"end":{"line":614,"column":57}},"126":{"start":{"line":616,"column":8},"end":{"line":616,"column":51}},"127":{"start":{"line":617,"column":8},"end":{"line":617,"column":55}},"128":{"start":{"line":624,"column":8},"end":{"line":624,"column":40}},"129":{"start":{"line":625,"column":8},"end":{"line":625,"column":22913}},"130":{"start":{"line":626,"column":12},"end":{"line":626,"column":83}},"131":{"start":{"line":627,"column":12},"end":{"line":627,"column":30}},"132":{"start":{"line":629,"column":12},"end":{"line":629,"column":36}},"133":{"start":{"line":634,"column":8},"end":{"line":634,"column":48}},"134":{"start":{"line":635,"column":8},"end":{"line":635,"column":23239}},"135":{"start":{"line":636,"column":12},"end":{"line":636,"column":30}},"136":{"start":{"line":637,"column":12},"end":{"line":637,"column":61}},"137":{"start":{"line":649,"column":8},"end":{"line":649,"column":63}},"138":{"start":{"line":651,"column":8},"end":{"line":651,"column":94}},"139":{"start":{"line":653,"column":8},"end":{"line":653,"column":47}},"140":{"start":{"line":655,"column":8},"end":{"line":655,"column":39}},"141":{"start":{"line":663,"column":8},"end":{"line":663,"column":42}},"142":{"start":{"line":665,"column":8},"end":{"line":665,"column":43}},"143":{"start":{"line":666,"column":8},"end":{"line":666,"column":58}},"144":{"start":{"line":668,"column":8},"end":{"line":668,"column":44}},"145":{"start":{"line":675,"column":8},"end":{"line":675,"column":23}}},"branchMap":{"1":{"line":83,"type":"if","locations":[{"start":{"line":83,"column":8},"end":{"line":83,"column":8}},{"start":{"line":83,"column":8},"end":{"line":83,"column":8}}]},"2":{"line":88,"type":"if","locations":[{"start":{"line":88,"column":8},"end":{"line":88,"column":8}},{"start":{"line":88,"column":8},"end":{"line":88,"column":8}}]},"3":{"line":115,"type":"if","locations":[{"start":{"line":115,"column":8},"end":{"line":115,"column":8}},{"start":{"line":115,"column":8},"end":{"line":115,"column":8}}]},"4":{"line":116,"type":"if","locations":[{"start":{"line":116,"column":8},"end":{"line":116,"column":8}},{"start":{"line":116,"column":8},"end":{"line":116,"column":8}}]},"5":{"line":117,"type":"if","locations":[{"start":{"line":117,"column":8},"end":{"line":117,"column":8}},{"start":{"line":117,"column":8},"end":{"line":117,"column":8}}]},"6":{"line":146,"type":"if","locations":[{"start":{"line":146,"column":8},"end":{"line":146,"column":8}},{"start":{"line":146,"column":8},"end":{"line":146,"column":8}}]},"7":{"line":147,"type":"if","locations":[{"start":{"line":147,"column":8},"end":{"line":147,"column":8}},{"start":{"line":147,"column":8},"end":{"line":147,"column":8}}]},"8":{"line":160,"type":"if","locations":[{"start":{"line":160,"column":12},"end":{"line":160,"column":12}},{"start":{"line":160,"column":12},"end":{"line":160,"column":12}}]},"9":{"line":182,"type":"if","locations":[{"start":{"line":182,"column":8},"end":{"line":182,"column":8}},{"start":{"line":182,"column":8},"end":{"line":182,"column":8}}]},"10":{"line":224,"type":"if","locations":[{"start":{"line":224,"column":8},"end":{"line":224,"column":8}},{"start":{"line":224,"column":8},"end":{"line":224,"column":8}}]},"11":{"line":241,"type":"if","locations":[{"start":{"line":241,"column":8},"end":{"line":241,"column":8}},{"start":{"line":241,"column":8},"end":{"line":241,"column":8}}]},"12":{"line":273,"type":"if","locations":[{"start":{"line":273,"column":8},"end":{"line":273,"column":8}},{"start":{"line":273,"column":8},"end":{"line":273,"column":8}}]},"13":{"line":375,"type":"if","locations":[{"start":{"line":375,"column":8},"end":{"line":375,"column":8}},{"start":{"line":375,"column":8},"end":{"line":375,"column":8}}]},"14":{"line":376,"type":"if","locations":[{"start":{"line":376,"column":8},"end":{"line":376,"column":8}},{"start":{"line":376,"column":8},"end":{"line":376,"column":8}}]},"15":{"line":379,"type":"if","locations":[{"start":{"line":379,"column":12},"end":{"line":379,"column":12}},{"start":{"line":379,"column":12},"end":{"line":379,"column":12}}]},"16":{"line":430,"type":"if","locations":[{"start":{"line":430,"column":8},"end":{"line":430,"column":8}},{"start":{"line":430,"column":8},"end":{"line":430,"column":8}}]},"17":{"line":474,"type":"if","locations":[{"start":{"line":474,"column":8},"end":{"line":474,"column":8}},{"start":{"line":474,"column":8},"end":{"line":474,"column":8}}]},"18":{"line":475,"type":"if","locations":[{"start":{"line":475,"column":8},"end":{"line":475,"column":8}},{"start":{"line":475,"column":8},"end":{"line":475,"column":8}}]},"19":{"line":551,"type":"if","locations":[{"start":{"line":551,"column":8},"end":{"line":551,"column":8}},{"start":{"line":551,"column":8},"end":{"line":551,"column":8}}]},"20":{"line":561,"type":"if","locations":[{"start":{"line":561,"column":8},"end":{"line":561,"column":8}},{"start":{"line":561,"column":8},"end":{"line":561,"column":8}}]},"21":{"line":581,"type":"if","locations":[{"start":{"line":581,"column":8},"end":{"line":581,"column":8}},{"start":{"line":581,"column":8},"end":{"line":581,"column":8}}]},"22":{"line":585,"type":"if","locations":[{"start":{"line":585,"column":8},"end":{"line":585,"column":8}},{"start":{"line":585,"column":8},"end":{"line":585,"column":8}}]},"23":{"line":589,"type":"if","locations":[{"start":{"line":589,"column":8},"end":{"line":589,"column":8}},{"start":{"line":589,"column":8},"end":{"line":589,"column":8}}]},"24":{"line":594,"type":"if","locations":[{"start":{"line":594,"column":15},"end":{"line":594,"column":15}},{"start":{"line":594,"column":15},"end":{"line":594,"column":15}}]},"25":{"line":600,"type":"if","locations":[{"start":{"line":600,"column":8},"end":{"line":600,"column":8}},{"start":{"line":600,"column":8},"end":{"line":600,"column":8}}]},"26":{"line":625,"type":"if","locations":[{"start":{"line":625,"column":8},"end":{"line":625,"column":8}},{"start":{"line":625,"column":8},"end":{"line":625,"column":8}}]},"27":{"line":626,"type":"if","locations":[{"start":{"line":626,"column":12},"end":{"line":626,"column":12}},{"start":{"line":626,"column":12},"end":{"line":626,"column":12}}]},"28":{"line":635,"type":"if","locations":[{"start":{"line":635,"column":8},"end":{"line":635,"column":8}},{"start":{"line":635,"column":8},"end":{"line":635,"column":8}}]}}},"contracts/RarityConfigItem.sol":{"l":{},"path":"/home/rcano/Development/thesolidchain/potion.fi/nft-minting-frontend/contracts/RarityConfigItem.sol","s":{},"b":{},"f":{},"fnMap":{},"statementMap":{},"branchMap":{}},"contracts/utils/StructuredLinkedList.sol":{"l":{"33":0,"34":0,"36":0,"47":447,"48":169,"49":101,"51":68,"54":278,"64":183,"82":0,"83":0,"85":0,"101":249,"102":6,"104":243,"115":93,"125":73,"132":20,"136":3,"154":59,"163":121,"164":38,"167":83,"168":83,"169":479,"171":83,"186":0,"201":62,"211":0,"212":0,"215":0,"217":0,"218":0,"220":0,"222":0,"232":37,"233":0,"236":37,"238":37,"240":37,"242":37,"257":0,"258":0,"261":0,"262":0,"264":0,"265":0,"267":0,"277":0,"287":0,"296":0,"305":0,"320":0,"330":0,"331":0,"332":0,"349":62,"350":62,"351":62,"352":62,"354":62,"356":62,"359":0,"375":161,"376":161},"path":"/home/rcano/Development/thesolidchain/potion.fi/nft-minting-frontend/contracts/utils/StructuredLinkedList.sol","s":{"1":0,"2":0,"3":0,"4":447,"5":169,"6":101,"7":68,"8":278,"9":183,"10":0,"11":0,"12":0,"13":249,"14":6,"15":243,"16":93,"17":73,"18":20,"19":3,"20":59,"21":121,"22":38,"23":83,"24":83,"25":479,"26":83,"27":0,"28":62,"29":0,"30":0,"31":0,"32":0,"33":0,"34":37,"35":0,"36":37,"37":37,"38":37,"39":0,"40":0,"41":0,"42":0,"43":0,"44":0,"45":0,"46":0,"47":0,"48":0,"49":0,"50":0,"51":0,"52":62,"53":62,"54":62,"55":62,"56":62,"57":62,"58":0,"59":161,"60":161},"b":{"1":[0,0],"2":[169,278],"3":[101,68],"4":[0,0],"5":[6,243],"6":[38,83],"7":[0,0],"8":[0,37],"9":[0,0],"10":[62,0]},"f":{"1":0,"2":447,"3":183,"4":0,"5":249,"6":93,"7":73,"8":20,"9":3,"10":59,"11":121,"12":0,"13":62,"14":0,"15":37,"16":0,"17":0,"18":0,"19":0,"20":0,"21":0,"22":0,"23":62,"24":161},"fnMap":{"1":{"name":"listExists","line":31,"loc":{"start":{"line":31,"column":4},"end":{"line":38,"column":4}}},"2":{"name":"nodeExists","line":46,"loc":{"start":{"line":46,"column":4},"end":{"line":56,"column":4}}},"3":{"name":"sizeOf","line":63,"loc":{"start":{"line":63,"column":4},"end":{"line":65,"column":4}}},"4":{"name":"getNode","line":73,"loc":{"start":{"line":73,"column":4},"end":{"line":87,"column":4}}},"5":{"name":"getAdjacent","line":96,"loc":{"start":{"line":96,"column":4},"end":{"line":106,"column":4}}},"6":{"name":"getNextNode","line":114,"loc":{"start":{"line":114,"column":4},"end":{"line":116,"column":4}}},"7":{"name":"getPreviousNode","line":124,"loc":{"start":{"line":124,"column":4},"end":{"line":126,"column":4}}},"8":{"name":"iterEnd","line":131,"loc":{"start":{"line":131,"column":4},"end":{"line":133,"column":4}}},"9":{"name":"iterPrev","line":135,"loc":{"start":{"line":135,"column":4},"end":{"line":137,"column":4}}},"10":{"name":"getSortedSpot","line":149,"loc":{"start":{"line":149,"column":4},"end":{"line":155,"column":4}}},"11":{"name":"getSortedSpotFrom","line":157,"loc":{"start":{"line":157,"column":4},"end":{"line":172,"column":4}}},"12":{"name":"insertAfter","line":181,"loc":{"start":{"line":181,"column":4},"end":{"line":187,"column":4}}},"13":{"name":"insertBefore","line":196,"loc":{"start":{"line":196,"column":4},"end":{"line":202,"column":4}}},"14":{"name":"remove","line":210,"loc":{"start":{"line":210,"column":4},"end":{"line":223,"column":4}}},"15":{"name":"unlink","line":231,"loc":{"start":{"line":231,"column":4},"end":{"line":243,"column":4}}},"16":{"name":"update","line":252,"loc":{"start":{"line":252,"column":4},"end":{"line":268,"column":4}}},"17":{"name":"pushFront","line":276,"loc":{"start":{"line":276,"column":4},"end":{"line":278,"column":4}}},"18":{"name":"pushBack","line":286,"loc":{"start":{"line":286,"column":4},"end":{"line":288,"column":4}}},"19":{"name":"popFront","line":295,"loc":{"start":{"line":295,"column":4},"end":{"line":297,"column":4}}},"20":{"name":"popBack","line":304,"loc":{"start":{"line":304,"column":4},"end":{"line":306,"column":4}}},"21":{"name":"_push","line":315,"loc":{"start":{"line":315,"column":4},"end":{"line":321,"column":4}}},"22":{"name":"_pop","line":329,"loc":{"start":{"line":329,"column":4},"end":{"line":333,"column":4}}},"23":{"name":"_insert","line":343,"loc":{"start":{"line":343,"column":4},"end":{"line":360,"column":4}}},"24":{"name":"_createLink","line":369,"loc":{"start":{"line":369,"column":4},"end":{"line":377,"column":4}}}},"statementMap":{"1":{"start":{"line":33,"column":8},"end":{"line":33,"column":1029}},"2":{"start":{"line":34,"column":12},"end":{"line":34,"column":23}},"3":{"start":{"line":36,"column":12},"end":{"line":36,"column":24}},"4":{"start":{"line":47,"column":8},"end":{"line":47,"column":1491}},"5":{"start":{"line":48,"column":12},"end":{"line":48,"column":1583}},"6":{"start":{"line":49,"column":16},"end":{"line":49,"column":27}},"7":{"start":{"line":51,"column":16},"end":{"line":51,"column":28}},"8":{"start":{"line":54,"column":12},"end":{"line":54,"column":23}},"9":{"start":{"line":64,"column":8},"end":{"line":64,"column":24}},"10":{"start":{"line":82,"column":8},"end":{"line":82,"column":2474}},"11":{"start":{"line":83,"column":12},"end":{"line":83,"column":32}},"12":{"start":{"line":85,"column":12},"end":{"line":85,"column":75}},"13":{"start":{"line":101,"column":8},"end":{"line":101,"column":3129}},"14":{"start":{"line":102,"column":12},"end":{"line":102,"column":29}},"15":{"start":{"line":104,"column":12},"end":{"line":104,"column":55}},"16":{"start":{"line":115,"column":8},"end":{"line":115,"column":46}},"17":{"start":{"line":125,"column":8},"end":{"line":125,"column":46}},"18":{"start":{"line":132,"column":8},"end":{"line":132,"column":38}},"19":{"start":{"line":136,"column":8},"end":{"line":136,"column":38}},"20":{"start":{"line":154,"column":8},"end":{"line":154,"column":65}},"21":{"start":{"line":163,"column":8},"end":{"line":163,"column":5432}},"22":{"start":{"line":164,"column":12},"end":{"line":164,"column":25}},"23":{"start":{"line":167,"column":8},"end":{"line":167,"column":49}},"24":{"start":{"line":168,"column":8},"end":{"line":168,"column":5555}},"25":{"start":{"line":169,"column":12},"end":{"line":169,"column":40}},"26":{"start":{"line":171,"column":8},"end":{"line":171,"column":36}},"27":{"start":{"line":186,"column":8},"end":{"line":186,"column":48}},"28":{"start":{"line":201,"column":8},"end":{"line":201,"column":48}},"29":{"start":{"line":211,"column":8},"end":{"line":211,"column":6971}},"30":{"start":{"line":212,"column":12},"end":{"line":212,"column":20}},"31":{"start":{"line":215,"column":8},"end":{"line":215,"column":81}},"32":{"start":{"line":220,"column":8},"end":{"line":220,"column":21}},"33":{"start":{"line":222,"column":8},"end":{"line":222,"column":20}},"34":{"start":{"line":232,"column":8},"end":{"line":232,"column":7636}},"35":{"start":{"line":233,"column":12},"end":{"line":233,"column":20}},"36":{"start":{"line":236,"column":8},"end":{"line":236,"column":81}},"37":{"start":{"line":240,"column":8},"end":{"line":240,"column":21}},"38":{"start":{"line":242,"column":8},"end":{"line":242,"column":20}},"39":{"start":{"line":257,"column":8},"end":{"line":257,"column":8346}},"40":{"start":{"line":258,"column":12},"end":{"line":258,"column":20}},"41":{"start":{"line":261,"column":8},"end":{"line":261,"column":59}},"42":{"start":{"line":262,"column":8},"end":{"line":262,"column":59}},"43":{"start":{"line":267,"column":8},"end":{"line":267,"column":23}},"44":{"start":{"line":277,"column":8},"end":{"line":277,"column":40}},"45":{"start":{"line":287,"column":8},"end":{"line":287,"column":40}},"46":{"start":{"line":296,"column":8},"end":{"line":296,"column":32}},"47":{"start":{"line":305,"column":8},"end":{"line":305,"column":32}},"48":{"start":{"line":320,"column":8},"end":{"line":320,"column":54}},"49":{"start":{"line":330,"column":8},"end":{"line":330,"column":19}},"50":{"start":{"line":331,"column":8},"end":{"line":331,"column":53}},"51":{"start":{"line":332,"column":8},"end":{"line":332,"column":32}},"52":{"start":{"line":349,"column":8},"end":{"line":349,"column":11371}},"53":{"start":{"line":350,"column":12},"end":{"line":350,"column":52}},"54":{"start":{"line":351,"column":12},"end":{"line":351,"column":53}},"55":{"start":{"line":352,"column":12},"end":{"line":352,"column":49}},"56":{"start":{"line":354,"column":12},"end":{"line":354,"column":25}},"57":{"start":{"line":356,"column":12},"end":{"line":356,"column":23}},"58":{"start":{"line":359,"column":8},"end":{"line":359,"column":20}},"59":{"start":{"line":375,"column":8},"end":{"line":375,"column":44}},"60":{"start":{"line":376,"column":8},"end":{"line":376,"column":43}}},"branchMap":{"1":{"line":33,"type":"if","locations":[{"start":{"line":33,"column":8},"end":{"line":33,"column":8}},{"start":{"line":33,"column":8},"end":{"line":33,"column":8}}]},"2":{"line":47,"type":"if","locations":[{"start":{"line":47,"column":8},"end":{"line":47,"column":8}},{"start":{"line":47,"column":8},"end":{"line":47,"column":8}}]},"3":{"line":48,"type":"if","locations":[{"start":{"line":48,"column":12},"end":{"line":48,"column":12}},{"start":{"line":48,"column":12},"end":{"line":48,"column":12}}]},"4":{"line":82,"type":"if","locations":[{"start":{"line":82,"column":8},"end":{"line":82,"column":8}},{"start":{"line":82,"column":8},"end":{"line":82,"column":8}}]},"5":{"line":101,"type":"if","locations":[{"start":{"line":101,"column":8},"end":{"line":101,"column":8}},{"start":{"line":101,"column":8},"end":{"line":101,"column":8}}]},"6":{"line":163,"type":"if","locations":[{"start":{"line":163,"column":8},"end":{"line":163,"column":8}},{"start":{"line":163,"column":8},"end":{"line":163,"column":8}}]},"7":{"line":211,"type":"if","locations":[{"start":{"line":211,"column":8},"end":{"line":211,"column":8}},{"start":{"line":211,"column":8},"end":{"line":211,"column":8}}]},"8":{"line":232,"type":"if","locations":[{"start":{"line":232,"column":8},"end":{"line":232,"column":8}},{"start":{"line":232,"column":8},"end":{"line":232,"column":8}}]},"9":{"line":257,"type":"if","locations":[{"start":{"line":257,"column":8},"end":{"line":257,"column":8}},{"start":{"line":257,"column":8},"end":{"line":257,"column":8}}]},"10":{"line":349,"type":"if","locations":[{"start":{"line":349,"column":8},"end":{"line":349,"column":8}},{"start":{"line":349,"column":8},"end":{"line":349,"column":8}}]}}}}